initializing termbox2
termbox2 set to 24-bit color output mode
screen resolution is 240x64
failed to get uid range: FileNotFound; falling back to default
failed to crawl wayland session directory '/usr/share/wayland-sessions': FileNotFound
failed to crawl x11 session directory '/usr/share/xsessions': FileNotFound
shutting down termbox2
initializing termbox2
termbox2 set to 24-bit color output mode
screen resolution is 240x64
failed to get uid range: FileNotFound; falling back to default
failed to crawl wayland session directory '/usr/share/wayland-sessions': FileNotFound
failed to crawl x11 session directory '/usr/share/xsessions': FileNotFound
shutting down termbox2
initializing termbox2
termbox2 set to 24-bit color output mode
screen resolution is 240x64
failed to get uid range: FileNotFound; falling back to default
failed to crawl wayland session directory '/usr/share/wayland-sessions': FileNotFound
failed to crawl x11 session directory '/usr/share/xsessions': FileNotFound
shutting down termbox2
initializing termbox2
termbox2 set to 24-bit color output mode
screen resolution is 240x64
failed to get uid range: FileNotFound; falling back to default
failed to crawl wayland session directory '/usr/share/wayland-sessions': FileNotFound
failed to crawl x11 session directory '/usr/share/xsessions': FileNotFound
shutting down termbox2
2026-04-30 09:01:28 [info/tui] using default vt
2026-04-30 09:01:28 [info/tui] initializing terminal buffer
2026-04-30 09:01:28 [info/tui] termbox2 set to 24-bit color output mode
2026-04-30 09:05:45 [info/tui] using default vt
2026-04-30 09:05:45 [info/tui] initializing terminal buffer
2026-04-30 09:05:45 [info/tui] termbox2 set to 24-bit color output mode
2026-04-30 09:07:21 [info/tui] using default vt
2026-04-30 09:07:21 [info/tui] initializing terminal buffer
2026-04-30 09:07:21 [info/tui] termbox2 set to 24-bit color output mode
2026-04-30 09:07:21 [info/tui] screen resolution is 240x64
2026-04-30 09:07:21 [err/sys] failed to get uid range: FileNotFound; falling back to default
2026-04-30 09:07:21 [err/sys] failed to execute start command: exit code 127
2026-04-30 09:07:21 [err/sys] failed to crawl wayland session directory '$PREFIX_DIRECTORY/share/wayland-sessions': PathNotAbsolute
2026-04-30 09:07:21 [err/sys] failed to crawl x11 session directory '$PREFIX_DIRECTORY/share/xsessions': PathNotAbsolute
2026-04-30 09:07:21 [err/sys] failed to crawl custom session directory '$CONFIG_DIRECTORY/ly/custom-sessions': PathNotAbsolute
2026-04-30 09:07:23 [info/tui] shutting down terminal buffer
